2014/04/24 22:49:00 [error] [exception.CException] exception 'CException' with message 'Alias "bootstrap.components.TbApi" is invalid. Make sure it points to an existing PHP file and the file is readable.' in /var/www/yii/framework/YiiBase.php:322
Stack trace:
#0 /var/www/yii/framework/YiiBase.php(196): YiiBase::import('bootstrap.compo...', true)
#1 /var/www/yii/framework/base/CModule.php(386): YiiBase::createComponent(Array)
#2 /var/www/yii/framework/base/CModule.php(103): CModule->getComponent('bootstrap')
#3 /var/www/verhuizing/protected/views/layouts/main.php(24): CModule->__get('bootstrap')
#4 /var/www/yii/framework/web/CBaseController.php(126): require('/var/www/verhui...')
#5 /var/www/yii/framework/web/CBaseController.php(95): CBaseController->renderInternal('/var/www/verhui...', Array, true)
#6 /var/www/yii/framework/web/widgets/CContentDecorator.php(76): CBaseController->renderFile('/var/www/verhui...', Array, true)
#7 /var/www/yii/framework/web/widgets/CContentDecorator.php(54): CContentDecorator->decorate('<div id="conten...')
#8 /var/www/yii/framework/web/widgets/COutputProcessor.php(44): CContentDecorator->processOutput('<div id="conten...')
#9 /var/www/yii/framework/web/CBaseController.php(206): COutputProcessor->run()
#10 /var/www/yii/framework/web/CBaseController.php(300): CBaseController->endWidget('CContentDecorat...')
#11 /var/www/verhuizing/protected/views/layouts/column1.php(6): CBaseController->endContent()
#12 /var/www/yii/framework/web/CBaseController.php(126): require('/var/www/verhui...')
#13 /var/www/yii/framework/web/CBaseController.php(95): CBaseController->renderInternal('/var/www/verhui...', Array, true)
#14 /var/www/yii/framework/web/CController.php(784): CBaseController->renderFile('/var/www/verhui...', Array, true)
#15 /var/www/verhuizing/protected/controllers/SiteController.php(32): CController->render('index')
#16 /var/www/yii/framework/web/actions/CInlineAction.php(49): SiteController->actionIndex()
#17 /var/www/yii/framework/web/CController.php(308): CInlineAction->runWithParams(Array)
#18 /var/www/yii/framework/web/CController.php(286): CController->runAction(Object(CInlineAction))
#19 /var/www/yii/framework/web/CController.php(265): CController->runActionWithFilters(Object(CInlineAction), Array)
#20 /var/www/yii/framework/web/CWebApplication.php(282): CController->run('index')
#21 /var/www/yii/framework/web/CWebApplication.php(141): CWebApplication->runController('site/index')
#22 /var/www/yii/framework/base/CApplication.php(180): CWebApplication->processRequest()
#23 /var/www/verhuizing/index.php(13): CApplication->run()
#24 {main}
REQUEST_URI=/index.php?r=site/index
HTTP_REFERER=http://verhuizing/index.php?r=site/login
---
2014/04/24 22:51:07 [error] [exception.CException] exception 'CException' with message 'Alias "bootstrap.components.TbApi" is invalid. Make sure it points to an existing PHP file and the file is readable.' in /var/www/yii/framework/YiiBase.php:322
Stack trace:
#0 /var/www/yii/framework/YiiBase.php(196): YiiBase::import('bootstrap.compo...', true)
#1 /var/www/yii/framework/base/CModule.php(386): YiiBase::createComponent(Array)
#2 /var/www/yii/framework/base/CModule.php(103): CModule->getComponent('bootstrap')
#3 /var/www/verhuizing/protected/views/layouts/main.php(24): CModule->__get('bootstrap')
#4 /var/www/yii/framework/web/CBaseController.php(126): require('/var/www/verhui...')
#5 /var/www/yii/framework/web/CBaseController.php(95): CBaseController->renderInternal('/var/www/verhui...', Array, true)
#6 /var/www/yii/framework/web/widgets/CContentDecorator.php(76): CBaseController->renderFile('/var/www/verhui...', Array, true)
#7 /var/www/yii/framework/web/widgets/CContentDecorator.php(54): CContentDecorator->decorate('<div id="conten...')
#8 /var/www/yii/framework/web/widgets/COutputProcessor.php(44): CContentDecorator->processOutput('<div id="conten...')
#9 /var/www/yii/framework/web/CBaseController.php(206): COutputProcessor->run()
#10 /var/www/yii/framework/web/CBaseController.php(300): CBaseController->endWidget('CContentDecorat...')
#11 /var/www/verhuizing/protected/views/layouts/column1.php(6): CBaseController->endContent()
#12 /var/www/yii/framework/web/CBaseController.php(126): require('/var/www/verhui...')
#13 /var/www/yii/framework/web/CBaseController.php(95): CBaseController->renderInternal('/var/www/verhui...', Array, true)
#14 /var/www/yii/framework/web/CController.php(784): CBaseController->renderFile('/var/www/verhui...', Array, true)
#15 /var/www/verhuizing/protected/controllers/SiteController.php(32): CController->render('index')
#16 /var/www/yii/framework/web/actions/CInlineAction.php(49): SiteController->actionIndex()
#17 /var/www/yii/framework/web/CController.php(308): CInlineAction->runWithParams(Array)
#18 /var/www/yii/framework/web/CController.php(286): CController->runAction(Object(CInlineAction))
#19 /var/www/yii/framework/web/CController.php(265): CController->runActionWithFilters(Object(CInlineAction), Array)
#20 /var/www/yii/framework/web/CWebApplication.php(282): CController->run('index')
#21 /var/www/yii/framework/web/CWebApplication.php(141): CWebApplication->runController('site/index')
#22 /var/www/yii/framework/base/CApplication.php(180): CWebApplication->processRequest()
#23 /var/www/verhuizing/index.php(13): CApplication->run()
#24 {main}
REQUEST_URI=/index.php?r=site/index
HTTP_REFERER=http://verhuizing/index.php?r=site/login
---
2014/04/24 22:51:09 [error] [exception.CException] exception 'CException' with message 'Alias "bootstrap.components.TbApi" is invalid. Make sure it points to an existing PHP file and the file is readable.' in /var/www/yii/framework/YiiBase.php:322
Stack trace:
#0 /var/www/yii/framework/YiiBase.php(196): YiiBase::import('bootstrap.compo...', true)
#1 /var/www/yii/framework/base/CModule.php(386): YiiBase::createComponent(Array)
#2 /var/www/yii/framework/base/CModule.php(103): CModule->getComponent('bootstrap')
#3 /var/www/verhuizing/protected/views/layouts/main.php(24): CModule->__get('bootstrap')
#4 /var/www/yii/framework/web/CBaseController.php(126): require('/var/www/verhui...')
#5 /var/www/yii/framework/web/CBaseController.php(95): CBaseController->renderInternal('/var/www/verhui...', Array, true)
#6 /var/www/yii/framework/web/widgets/CContentDecorator.php(76): CBaseController->renderFile('/var/www/verhui...', Array, true)
#7 /var/www/yii/framework/web/widgets/CContentDecorator.php(54): CContentDecorator->decorate('<div id="conten...')
#8 /var/www/yii/framework/web/widgets/COutputProcessor.php(44): CContentDecorator->processOutput('<div id="conten...')
#9 /var/www/yii/framework/web/CBaseController.php(206): COutputProcessor->run()
#10 /var/www/yii/framework/web/CBaseController.php(300): CBaseController->endWidget('CContentDecorat...')
#11 /var/www/verhuizing/protected/views/layouts/column1.php(6): CBaseController->endContent()
#12 /var/www/yii/framework/web/CBaseController.php(126): require('/var/www/verhui...')
#13 /var/www/yii/framework/web/CBaseController.php(95): CBaseController->renderInternal('/var/www/verhui...', Array, true)
#14 /var/www/yii/framework/web/CController.php(784): CBaseController->renderFile('/var/www/verhui...', Array, true)
#15 /var/www/verhuizing/protected/controllers/SiteController.php(32): CController->render('index')
#16 /var/www/yii/framework/web/actions/CInlineAction.php(49): SiteController->actionIndex()
#17 /var/www/yii/framework/web/CController.php(308): CInlineAction->runWithParams(Array)
#18 /var/www/yii/framework/web/CController.php(286): CController->runAction(Object(CInlineAction))
#19 /var/www/yii/framework/web/CController.php(265): CController->runActionWithFilters(Object(CInlineAction), Array)
#20 /var/www/yii/framework/web/CWebApplication.php(282): CController->run('index')
#21 /var/www/yii/framework/web/CWebApplication.php(141): CWebApplication->runController('site/index')
#22 /var/www/yii/framework/base/CApplication.php(180): CWebApplication->processRequest()
#23 /var/www/verhuizing/index.php(13): CApplication->run()
#24 {main}
REQUEST_URI=/index.php?r=site/index
HTTP_REFERER=http://verhuizing/index.php?r=site/login
---
2014/04/24 22:52:19 [error] [exception.CException] exception 'CException' with message 'Alias "bootstrap.components.TbApi" is invalid. Make sure it points to an existing PHP file and the file is readable.' in /var/www/yii/framework/YiiBase.php:322
Stack trace:
#0 /var/www/yii/framework/YiiBase.php(196): YiiBase::import('bootstrap.compo...', true)
#1 /var/www/yii/framework/base/CModule.php(386): YiiBase::createComponent(Array)
#2 /var/www/yii/framework/base/CModule.php(103): CModule->getComponent('bootstrap')
#3 /var/www/verhuizing/protected/views/layouts/main.php(24): CModule->__get('bootstrap')
#4 /var/www/yii/framework/web/CBaseController.php(126): require('/var/www/verhui...')
#5 /var/www/yii/framework/web/CBaseController.php(95): CBaseController->renderInternal('/var/www/verhui...', Array, true)
#6 /var/www/yii/framework/web/widgets/CContentDecorator.php(76): CBaseController->renderFile('/var/www/verhui...', Array, true)
#7 /var/www/yii/framework/web/widgets/CContentDecorator.php(54): CContentDecorator->decorate('<div id="conten...')
#8 /var/www/yii/framework/web/widgets/COutputProcessor.php(44): CContentDecorator->processOutput('<div id="conten...')
#9 /var/www/yii/framework/web/CBaseController.php(206): COutputProcessor->run()
#10 /var/www/yii/framework/web/CBaseController.php(300): CBaseController->endWidget('CContentDecorat...')
#11 /var/www/verhuizing/protected/views/layouts/column1.php(6): CBaseController->endContent()
#12 /var/www/yii/framework/web/CBaseController.php(126): require('/var/www/verhui...')
#13 /var/www/yii/framework/web/CBaseController.php(95): CBaseController->renderInternal('/var/www/verhui...', Array, true)
#14 /var/www/yii/framework/web/CController.php(784): CBaseController->renderFile('/var/www/verhui...', Array, true)
#15 /var/www/verhuizing/protected/controllers/SiteController.php(32): CController->render('index')
#16 /var/www/yii/framework/web/actions/CInlineAction.php(49): SiteController->actionIndex()
#17 /var/www/yii/framework/web/CController.php(308): CInlineAction->runWithParams(Array)
#18 /var/www/yii/framework/web/CController.php(286): CController->runAction(Object(CInlineAction))
#19 /var/www/yii/framework/web/CController.php(265): CController->runActionWithFilters(Object(CInlineAction), Array)
#20 /var/www/yii/framework/web/CWebApplication.php(282): CController->run('index')
#21 /var/www/yii/framework/web/CWebApplication.php(141): CWebApplication->runController('site/index')
#22 /var/www/yii/framework/base/CApplication.php(180): CWebApplication->processRequest()
#23 /var/www/verhuizing/index.php(13): CApplication->run()
#24 {main}
REQUEST_URI=/index.php?r=site/index
HTTP_REFERER=http://verhuizing/index.php?r=site/login
---
2014/04/24 22:54:06 [error] [exception.CException] exception 'CException' with message 'Alias "ext.bootstrap.components.TbApi" is invalid. Make sure it points to an existing PHP file and the file is readable.' in /var/www/yii/framework/YiiBase.php:322
Stack trace:
#0 /var/www/yii/framework/YiiBase.php(196): YiiBase::import('ext.bootstrap.c...', true)
#1 /var/www/yii/framework/base/CModule.php(386): YiiBase::createComponent(Array)
#2 /var/www/yii/framework/base/CModule.php(103): CModule->getComponent('bootstrap')
#3 /var/www/verhuizing/protected/views/layouts/main.php(24): CModule->__get('bootstrap')
#4 /var/www/yii/framework/web/CBaseController.php(126): require('/var/www/verhui...')
#5 /var/www/yii/framework/web/CBaseController.php(95): CBaseController->renderInternal('/var/www/verhui...', Array, true)
#6 /var/www/yii/framework/web/widgets/CContentDecorator.php(76): CBaseController->renderFile('/var/www/verhui...', Array, true)
#7 /var/www/yii/framework/web/widgets/CContentDecorator.php(54): CContentDecorator->decorate('<div id="conten...')
#8 /var/www/yii/framework/web/widgets/COutputProcessor.php(44): CContentDecorator->processOutput('<div id="conten...')
#9 /var/www/yii/framework/web/CBaseController.php(206): COutputProcessor->run()
#10 /var/www/yii/framework/web/CBaseController.php(300): CBaseController->endWidget('CContentDecorat...')
#11 /var/www/verhuizing/protected/views/layouts/column1.php(6): CBaseController->endContent()
#12 /var/www/yii/framework/web/CBaseController.php(126): require('/var/www/verhui...')
#13 /var/www/yii/framework/web/CBaseController.php(95): CBaseController->renderInternal('/var/www/verhui...', Array, true)
#14 /var/www/yii/framework/web/CController.php(784): CBaseController->renderFile('/var/www/verhui...', Array, true)
#15 /var/www/verhuizing/protected/controllers/SiteController.php(32): CController->render('index')
#16 /var/www/yii/framework/web/actions/CInlineAction.php(49): SiteController->actionIndex()
#17 /var/www/yii/framework/web/CController.php(308): CInlineAction->runWithParams(Array)
#18 /var/www/yii/framework/web/CController.php(286): CController->runAction(Object(CInlineAction))
#19 /var/www/yii/framework/web/CController.php(265): CController->runActionWithFilters(Object(CInlineAction), Array)
#20 /var/www/yii/framework/web/CWebApplication.php(282): CController->run('index')
#21 /var/www/yii/framework/web/CWebApplication.php(141): CWebApplication->runController('site/index')
#22 /var/www/yii/framework/base/CApplication.php(180): CWebApplication->processRequest()
#23 /var/www/verhuizing/index.php(13): CApplication->run()
#24 {main}
REQUEST_URI=/index.php?r=site/index
HTTP_REFERER=http://verhuizing/index.php?r=site/login
---
2014/04/24 22:59:52 [error] [exception.CException] exception 'CException' with message 'Alias "bootstrap.components.TbApi" is invalid. Make sure it points to an existing PHP file and the file is readable.' in /var/www/yii/framework/YiiBase.php:322
Stack trace:
#0 /var/www/yii/framework/YiiBase.php(196): YiiBase::import('bootstrap.compo...', true)
#1 /var/www/yii/framework/base/CModule.php(386): YiiBase::createComponent(Array)
#2 /var/www/yii/framework/base/CModule.php(103): CModule->getComponent('bootstrap')
#3 /var/www/verhuizing/protected/views/layouts/main.php(24): CModule->__get('bootstrap')
#4 /var/www/yii/framework/web/CBaseController.php(126): require('/var/www/verhui...')
#5 /var/www/yii/framework/web/CBaseController.php(95): CBaseController->renderInternal('/var/www/verhui...', Array, true)
#6 /var/www/yii/framework/web/widgets/CContentDecorator.php(76): CBaseController->renderFile('/var/www/verhui...', Array, true)
#7 /var/www/yii/framework/web/widgets/CContentDecorator.php(54): CContentDecorator->decorate('<div id="conten...')
#8 /var/www/yii/framework/web/widgets/COutputProcessor.php(44): CContentDecorator->processOutput('<div id="conten...')
#9 /var/www/yii/framework/web/CBaseController.php(206): COutputProcessor->run()
#10 /var/www/yii/framework/web/CBaseController.php(300): CBaseController->endWidget('CContentDecorat...')
#11 /var/www/verhuizing/protected/views/layouts/column1.php(6): CBaseController->endContent()
#12 /var/www/yii/framework/web/CBaseController.php(126): require('/var/www/verhui...')
#13 /var/www/yii/framework/web/CBaseController.php(95): CBaseController->renderInternal('/var/www/verhui...', Array, true)
#14 /var/www/yii/framework/web/CController.php(784): CBaseController->renderFile('/var/www/verhui...', Array, true)
#15 /var/www/verhuizing/protected/controllers/SiteController.php(32): CController->render('index')
#16 /var/www/yii/framework/web/actions/CInlineAction.php(49): SiteController->actionIndex()
#17 /var/www/yii/framework/web/CController.php(308): CInlineAction->runWithParams(Array)
#18 /var/www/yii/framework/web/CController.php(286): CController->runAction(Object(CInlineAction))
#19 /var/www/yii/framework/web/CController.php(265): CController->runActionWithFilters(Object(CInlineAction), Array)
#20 /var/www/yii/framework/web/CWebApplication.php(282): CController->run('index')
#21 /var/www/yii/framework/web/CWebApplication.php(141): CWebApplication->runController('site/index')
#22 /var/www/yii/framework/base/CApplication.php(180): CWebApplication->processRequest()
#23 /var/www/verhuizing/index.php(13): CApplication->run()
#24 {main}
REQUEST_URI=/index.php?r=site/index
HTTP_REFERER=http://verhuizing/index.php?r=site/login
---
2014/04/24 23:05:10 [error] [php] include(TbArray.php): failed to open stream: No such file or directory (/var/www/yii/framework/YiiBase.php:427)
Stack trace:
#0 /var/www/verhuizing/protected/extensions/bootstrap/helpers/TbHtml.php(2534): spl_autoload_call()
#1 /var/www/verhuizing/protected/extensions/bootstrap/helpers/TbHtml.php(2426): btn()
#2 /var/www/verhuizing/protected/extensions/bootstrap/helpers/TbHtml.php(2415): htmlButton()
#3 /var/www/verhuizing/protected/views/layouts/main.php(75): button()
#4 /var/www/yii/framework/web/CBaseController.php(126): require()
#5 /var/www/yii/framework/web/CBaseController.php(95): SiteController->renderInternal()
#6 /var/www/yii/framework/web/widgets/CContentDecorator.php(76): SiteController->renderFile()
#7 /var/www/yii/framework/web/widgets/CContentDecorator.php(54): CContentDecorator->decorate()
#8 /var/www/yii/framework/web/widgets/COutputProcessor.php(44): CContentDecorator->processOutput()
#9 /var/www/yii/framework/web/CBaseController.php(206): CContentDecorator->run()
#10 /var/www/yii/framework/web/CBaseController.php(300): SiteController->endWidget()
#11 /var/www/verhuizing/protected/views/layouts/column1.php(6): SiteController->endContent()
#12 /var/www/yii/framework/web/CBaseController.php(126): require()
#13 /var/www/yii/framework/web/CBaseController.php(95): SiteController->renderInternal()
#14 /var/www/yii/framework/web/CController.php(784): SiteController->renderFile()
#15 /var/www/verhuizing/protected/controllers/SiteController.php(98): SiteController->render()
#16 /var/www/yii/framework/web/actions/CInlineAction.php(49): SiteController->actionLogin()
#17 /var/www/yii/framework/web/CController.php(308): CInlineAction->runWithParams()
#18 /var/www/yii/framework/web/CController.php(286): SiteController->runAction()
#19 /var/www/yii/framework/web/CController.php(265): SiteController->runActionWithFilters()
#20 /var/www/yii/framework/web/CWebApplication.php(282): SiteController->run()
#21 /var/www/yii/framework/web/CWebApplication.php(141): CWebApplication->runController()
#22 /var/www/yii/framework/base/CApplication.php(180): CWebApplication->processRequest()
#23 /var/www/verhuizing/index.php(13): CWebApplication->run()
REQUEST_URI=/index.php?r=site/login
in /var/www/verhuizing/protected/extensions/bootstrap/helpers/TbHtml.php (2534)
in /var/www/verhuizing/protected/extensions/bootstrap/helpers/TbHtml.php (2426)
in /var/www/verhuizing/protected/extensions/bootstrap/helpers/TbHtml.php (2415)
2014/04/24 23:39:05 [error] [php] Object of class WhDatePicker could not be converted to string (/var/www/verhuizing/protected/views/site/contact.php:85)
Stack trace:
#0 /var/www/yii/framework/web/CController.php(869): SiteController->renderFile()
#1 /var/www/yii/framework/web/CController.php(782): SiteController->renderPartial()
#2 /var/www/verhuizing/protected/controllers/SiteController.php(72): SiteController->render()
#3 /var/www/yii/framework/web/actions/CInlineAction.php(49): SiteController->actionContact()
#4 /var/www/yii/framework/web/CController.php(308): CInlineAction->runWithParams()
#5 /var/www/yii/framework/web/CController.php(286): SiteController->runAction()
#6 /var/www/yii/framework/web/CController.php(265): SiteController->runActionWithFilters()
#7 /var/www/yii/framework/web/CWebApplication.php(282): SiteController->run()
#8 /var/www/yii/framework/web/CWebApplication.php(141): CWebApplication->runController()
#9 /var/www/yii/framework/base/CApplication.php(180): CWebApplication->processRequest()
#10 /var/www/verhuizing/index.php(13): CWebApplication->run()
REQUEST_URI=/index.php?r=site/contact
in /var/www/verhuizing/protected/views/site/contact.php (85)
in /var/www/verhuizing/protected/controllers/SiteController.php (72)
in /var/www/verhuizing/index.php (13)
